# JRE version: OpenJDK Runtime Environment (8.0_202-b03) (build 1.8.0_202-release-1483-b03)
# Java VM: OpenJDK 64-Bit Server VM (25.202-b03 mixed mode windows-amd64 compressed oops)
Heap:
 PSYoungGen      total 486912K, used 435285K [0x00000000e0000000, 0x0000000100000000, 0x0000000100000000)
  eden space 451584K, 96% used [0x00000000e0000000,0x00000000fa915410,0x00000000fb900000)
  from space 35328K, 0% used [0x00000000fdd80000,0x00000000fdd80000,0x0000000100000000)
  to   space 36352K, 0% used [0x00000000fb900000,0x00000000fb900000,0x00000000fdc80000)
 ParOldGen       total 185344K, used 57705K [0x00000000a0000000, 0x00000000ab500000, 0x00000000e0000000)
  object space 185344K, 31% used [0x00000000a0000000,0x00000000a385a5f8,0x00000000ab500000)
 Metaspace       used 93016K, capacity 97842K, committed 98584K, reserved 1134592K
  class space    used 11812K, capacity 12676K, committed 12840K, reserved 1048576K
GC Heap History (10 events):
Event: 7096.882 GC heap before
{Heap before GC invocations=44 (full 3):
 PSYoungGen      total 400896K, used 390118K [0x00000000e0000000, 0x00000000fad00000, 0x0000000100000000)
  eden space 367616K, 100% used [0x00000000e0000000,0x00000000f6700000,0x00000000f6700000)
  from space 33280K, 67% used [0x00000000f8c80000,0x00000000fa279b70,0x00000000fad00000)
  to   space 35840K, 0% used [0x00000000f6700000,0x00000000f6700000,0x00000000f8a00000)
 ParOldGen       total 132096K, used 95264K [0x00000000a0000000, 0x00000000a8100000, 0x00000000e0000000)
  object space 132096K, 72% used [0x00000000a0000000,0x00000000a5d08170,0x00000000a8100000)
 Metaspace       used 92488K, capacity 97528K, committed 97688K, reserved 1134592K
  class space    used 11826K, capacity 12707K, committed 12712K, reserved 1048576K
Event: 7096.959 GC heap after
Heap after GC invocations=44 (full 3):
 PSYoungGen      total 403456K, used 25013K [0x00000000e0000000, 0x00000000fde00000, 0x0000000100000000)
  eden space 367616K, 0% used [0x00000000e0000000,0x00000000e0000000,0x00000000f6700000)
  from space 35840K, 69% used [0x00000000f6700000,0x00000000f7f6d788,0x00000000f8a00000)
  to   space 35840K, 0% used [0x00000000fbb00000,0x00000000fbb00000,0x00000000fde00000)
 ParOldGen       total 132096K, used 100911K [0x00000000a0000000, 0x00000000a8100000, 0x00000000e0000000)
  object space 132096K, 76% used [0x00000000a0000000,0x00000000a628bf18,0x00000000a8100000)
 Metaspace       used 92488K, capacity 97528K, committed 97688K, reserved 1134592K
  class space    used 11826K, capacity 12707K, committed 12712K, reserved 1048576K
}
Event: 7098.539 GC heap before
{Heap before GC invocations=45 (full 3):
 PSYoungGen      total 403456K, used 392629K [0x00000000e0000000, 0x00000000fde00000, 0x0000000100000000)
  eden space 367616K, 100% used [0x00000000e0000000,0x00000000f6700000,0x00000000f6700000)
  from space 35840K, 69% used [0x00000000f6700000,0x00000000f7f6d788,0x00000000f8a00000)
  to   space 35840K, 0% used [0x00000000fbb00000,0x00000000fbb00000,0x00000000fde00000)
 ParOldGen       total 132096K, used 100911K [0x00000000a0000000, 0x00000000a8100000, 0x00000000e0000000)
  object space 132096K, 76% used [0x00000000a0000000,0x00000000a628bf18,0x00000000a8100000)
 Metaspace       used 92732K, capacity 97816K, committed 98072K, reserved 1134592K
  class space    used 11846K, capacity 12739K, committed 12840K, reserved 1048576K
Event: 7098.592 GC heap after
Heap after GC invocations=45 (full 3):
 PSYoungGen      total 447488K, used 20875K [0x00000000e0000000, 0x00000000fd980000, 0x0000000100000000)
  eden space 416256K, 0% used [0x00000000e0000000,0x00000000e0000000,0x00000000f9680000)
  from space 31232K, 66% used [0x00000000fbb00000,0x00000000fcf62f58,0x00000000fd980000)
  to   space 34304K, 0% used [0x00000000f9680000,0x00000000f9680000,0x00000000fb800000)
 ParOldGen       total 132096K, used 106547K [0x00000000a0000000, 0x00000000a8100000, 0x00000000e0000000)
  object space 132096K, 80% used [0x00000000a0000000,0x00000000a680cf68,0x00000000a8100000)
 Metaspace       used 92732K, capacity 97816K, committed 98072K, reserved 1134592K
  class space    used 11846K, capacity 12739K, committed 12840K, reserved 1048576K
}
Event: 7100.322 GC heap before
{Heap before GC invocations=46 (full 3):
 PSYoungGen      total 447488K, used 437131K [0x00000000e0000000, 0x00000000fd980000, 0x0000000100000000)
  eden space 416256K, 100% used [0x00000000e0000000,0x00000000f9680000,0x00000000f9680000)
  from space 31232K, 66% used [0x00000000fbb00000,0x00000000fcf62f58,0x00000000fd980000)
  to   space 34304K, 0% used [0x00000000f9680000,0x00000000f9680000,0x00000000fb800000)
 ParOldGen       total 132096K, used 106547K [0x00000000a0000000, 0x00000000a8100000, 0x00000000e0000000)
  object space 132096K, 80% used [0x00000000a0000000,0x00000000a680cf68,0x00000000a8100000)
 Metaspace       used 92934K, capacity 98014K, committed 98328K, reserved 1134592K
  class space    used 11848K, capacity 12740K, committed 12840K, reserved 1048576K
Event: 7100.377 GC heap after
Heap after GC invocations=46 (full 3):
 PSYoungGen      total 450560K, used 9842K [0x00000000e0000000, 0x0000000100000000, 0x0000000100000000)
  eden space 416256K, 0% used [0x00000000e0000000,0x00000000e0000000,0x00000000f9680000)
  from space 34304K, 28% used [0x00000000f9680000,0x00000000fa01c818,0x00000000fb800000)
  to   space 35328K, 0% used [0x00000000fdd80000,0x00000000fdd80000,0x0000000100000000)
 ParOldGen       total 132096K, used 116192K [0x00000000a0000000, 0x00000000a8100000, 0x00000000e0000000)
  object space 132096K, 87% used [0x00000000a0000000,0x00000000a7178070,0x00000000a8100000)
 Metaspace       used 92934K, capacity 98014K, committed 98328K, reserved 1134592K
  class space    used 11848K, capacity 12740K, committed 12840K, reserved 1048576K
}
Event: 7102.557 GC heap before
{Heap before GC invocations=47 (full 3):
 PSYoungGen      total 450560K, used 426098K [0x00000000e0000000, 0x0000000100000000, 0x0000000100000000)
  eden space 416256K, 100% used [0x00000000e0000000,0x00000000f9680000,0x00000000f9680000)
  from space 34304K, 28% used [0x00000000f9680000,0x00000000fa01c818,0x00000000fb800000)
  to   space 35328K, 0% used [0x00000000fdd80000,0x00000000fdd80000,0x0000000100000000)
 ParOldGen       total 132096K, used 116192K [0x00000000a0000000, 0x00000000a8100000, 0x00000000e0000000)
  object space 132096K, 87% used [0x00000000a0000000,0x00000000a7178070,0x00000000a8100000)
 Metaspace       used 93059K, capacity 98114K, committed 98328K, reserved 1134592K
  class space    used 11870K, capacity 12752K, committed 12840K, reserved 1048576K
Event: 7102.615 GC heap after
Heap after GC invocations=47 (full 3):
 PSYoungGen      total 486912K, used 7588K [0x00000000e0000000, 0x0000000100000000, 0x0000000100000000)
  eden space 451584K, 0% used [0x00000000e0000000,0x00000000e0000000,0x00000000fb900000)
  from space 35328K, 21% used [0x00000000fdd80000,0x00000000fe4e9358,0x0000000100000000)
  to   space 36352K, 0% used [0x00000000fb900000,0x00000000fb900000,0x00000000fdc80000)
 ParOldGen       total 132096K, used 124654K [0x00000000a0000000, 0x00000000a8100000, 0x00000000e0000000)
  object space 132096K, 94% used [0x00000000a0000000,0x00000000a79bb968,0x00000000a8100000)
 Metaspace       used 93059K, capacity 98114K, committed 98328K, reserved 1134592K
  class space    used 11870K, capacity 12752K, committed 12840K, reserved 1048576K
}
Event: 7102.615 GC heap before
{Heap before GC invocations=48 (full 4):
 PSYoungGen      total 486912K, used 7588K [0x00000000e0000000, 0x0000000100000000, 0x0000000100000000)
  eden space 451584K, 0% used [0x00000000e0000000,0x00000000e0000000,0x00000000fb900000)
  from space 35328K, 21% used [0x00000000fdd80000,0x00000000fe4e9358,0x0000000100000000)
  to   space 36352K, 0% used [0x00000000fb900000,0x00000000fb900000,0x00000000fdc80000)
 ParOldGen       total 132096K, used 124654K [0x00000000a0000000, 0x00000000a8100000, 0x00000000e0000000)
  object space 132096K, 94% used [0x00000000a0000000,0x00000000a79bb968,0x00000000a8100000)
 Metaspace       used 93059K, capacity 98114K, committed 98328K, reserved 1134592K
  class space    used 11870K, capacity 12752K, committed 12840K, reserved 1048576K
Event: 7103.692 GC heap after
Heap after GC invocations=48 (full 4):
 PSYoungGen      total 486912K, used 0K [0x00000000e0000000, 0x0000000100000000, 0x0000000100000000)
  eden space 451584K, 0% used [0x00000000e0000000,0x00000000e0000000,0x00000000fb900000)
  from space 35328K, 0% used [0x00000000fdd80000,0x00000000fdd80000,0x0000000100000000)
  to   space 36352K, 0% used [0x00000000fb900000,0x00000000fb900000,0x00000000fdc80000)
 ParOldGen       total 185344K, used 57705K [0x00000000a0000000, 0x00000000ab500000, 0x00000000e0000000)
  object space 185344K, 31% used [0x00000000a0000000,0x00000000a385a5f8,0x00000000ab500000)
 Metaspace       used 92734K, capacity 97462K, committed 98328K, reserved 1134592K
  class space    used 11788K, capacity 12602K, committed 12840K, reserved 1048576K
}

